[2022-05-19T19:45:11.767] [DEBUG] cheese - login => username:admin,password:123456
[2022-05-19T19:45:11.773] [DEBUG] cheese - admin
[2022-05-19T19:46:35.534] [DEBUG] cheese - null
[2022-05-19T19:46:35.534] [DEBUG] cheese - null
[2022-05-19T19:47:19.057] [DEBUG] cheese - login => username:admin,password:123456
[2022-05-19T19:47:19.060] [DEBUG] cheese - admin
[2022-05-19T19:47:19.075] [DEBUG] cheese - null
[2022-05-19T19:47:19.076] [DEBUG] cheese - null
[2022-05-19T19:47:29.046] [DEBUG] cheese - login => username:123,password:123456
[2022-05-19T19:47:29.046] [DEBUG] cheese - 123
[2022-05-19T19:47:29.049] [DEBUG] cheese - null
[2022-05-19T19:47:29.050] [DEBUG] cheese - null
[2022-05-19T19:47:34.362] [DEBUG] cheese - login => username:admin,password:123456
[2022-05-19T19:47:34.363] [DEBUG] cheese - admin
[2022-05-19T19:47:34.366] [DEBUG] cheese - null
[2022-05-19T19:47:34.366] [DEBUG] cheese - null
[2022-05-19T19:49:13.729] [DEBUG] cheese - login => username:admin,password:123456
[2022-05-19T19:49:13.729] [DEBUG] cheese - admin
[2022-05-19T19:49:13.733] [DEBUG] cheese - null
[2022-05-19T19:49:13.733] [DEBUG] cheese - null
[2022-05-19T19:49:47.062] [DEBUG] cheese - login => username:admin,password:123456
[2022-05-19T19:49:47.062] [DEBUG] cheese - admin
[2022-05-19T19:49:47.067] [DEBUG] cheese - null
[2022-05-19T19:49:47.067] [DEBUG] cheese - null
[2022-05-19T19:49:51.516] [DEBUG] cheese - login => username:admin,password:123456
[2022-05-19T19:49:51.516] [DEBUG] cheese - admin
[2022-05-19T19:49:51.525] [DEBUG] cheese - null
[2022-05-19T19:49:51.525] [DEBUG] cheese - null
[2022-05-19T19:49:54.365] [DEBUG] cheese - login => username:admin,password:123456
[2022-05-19T19:49:54.365] [DEBUG] cheese - admin
[2022-05-19T19:49:54.372] [DEBUG] cheese - null
[2022-05-19T19:49:54.372] [DEBUG] cheese - null
[2022-05-19T19:55:50.838] [DEBUG] cheese - login => username:admin,password:123456
[2022-05-19T19:55:50.838] [DEBUG] cheese - admin
[2022-05-19T19:55:50.842] [DEBUG] cheese - null
[2022-05-19T19:55:50.842] [DEBUG] cheese - null
[2022-05-19T19:56:54.692] [DEBUG] cheese - login => username:admin,password:123456
[2022-05-19T19:56:54.692] [DEBUG] cheese - admin
[2022-05-19T19:56:54.695] [DEBUG] cheese - null
[2022-05-19T19:56:54.695] [DEBUG] cheese - null
[2022-05-19T20:02:54.069] [DEBUG] cheese - login => username:admin,password:123456
[2022-05-19T20:02:54.074] [DEBUG] cheese - admin
[2022-05-19T20:02:54.093] [DEBUG] cheese - null
[2022-05-19T20:02:54.094] [DEBUG] cheese - null
